2018-03-17 20:35:49.359  INFO 5892 --- [main] br.com.vanhack.Application               : Starting Application on BURBS-NOTEBOOK with PID 5892 (D:\desenvolvimento\repository\modelo-java\server\vanhack\target\classes started by Naelson in D:\desenvolvimento\repository\modelo-java\server\vanhack)
2018-03-17 20:35:49.374  INFO 5892 --- [main] br.com.vanhack.Application               : No active profile set, falling back to default profiles: default
2018-03-17 20:35:49.493  INFO 5892 --- [main] ationConfigEmbeddedWebApplicationContext : Refreshing org.springframework.boot.context.embedded.AnnotationConfigEmbeddedWebApplicationContext@4f2b503c: startup date [Sat Mar 17 20:35:49 BRT 2018]; root of context hierarchy
2018-03-17 20:35:54.182  INFO 5892 --- [main] s.b.c.e.t.TomcatEmbeddedServletContainer : Tomcat initialized with port(s): 8080 (http)
2018-03-17 20:35:54.203  INFO 5892 --- [main] o.apache.catalina.core.StandardService   : Starting service Tomcat
2018-03-17 20:35:54.205  INFO 5892 --- [main] org.apache.catalina.core.StandardEngine  : Starting Servlet Engine: Apache Tomcat/8.5.14
2018-03-17 20:35:54.522  INFO 5892 --- [localhost-startStop-1] o.a.c.c.C.[Tomcat].[localhost].[/]       : Initializing Spring embedded WebApplicationContext
2018-03-17 20:35:54.522  INFO 5892 --- [localhost-startStop-1] o.s.web.context.ContextLoader            : Root WebApplicationContext: initialization completed in 5035 ms
2018-03-17 20:35:55.186  INFO 5892 --- [localhost-startStop-1] o.s.b.w.servlet.FilterRegistrationBean   : Mapping filter: 'metricsFilter' to: [/*]
2018-03-17 20:35:55.186  INFO 5892 --- [localhost-startStop-1] o.s.b.w.servlet.FilterRegistrationBean   : Mapping filter: 'characterEncodingFilter' to: [/*]
2018-03-17 20:35:55.187  INFO 5892 --- [localhost-startStop-1] o.s.b.w.servlet.FilterRegistrationBean   : Mapping filter: 'hiddenHttpMethodFilter' to: [/*]
2018-03-17 20:35:55.187  INFO 5892 --- [localhost-startStop-1] o.s.b.w.servlet.FilterRegistrationBean   : Mapping filter: 'httpPutFormContentFilter' to: [/*]
2018-03-17 20:35:55.187  INFO 5892 --- [localhost-startStop-1] o.s.b.w.servlet.FilterRegistrationBean   : Mapping filter: 'requestContextFilter' to: [/*]
2018-03-17 20:35:55.191  INFO 5892 --- [localhost-startStop-1] .s.DelegatingFilterProxyRegistrationBean : Mapping filter: 'springSecurityFilterChain' to: [/*]
2018-03-17 20:35:55.191  INFO 5892 --- [localhost-startStop-1] o.s.b.w.servlet.FilterRegistrationBean   : Mapping filter: 'webRequestLoggingFilter' to: [/*]
2018-03-17 20:35:55.191  INFO 5892 --- [localhost-startStop-1] o.s.b.w.servlet.FilterRegistrationBean   : Mapping filter: 'applicationContextIdFilter' to: [/*]
2018-03-17 20:35:55.192  INFO 5892 --- [localhost-startStop-1] o.s.b.w.servlet.ServletRegistrationBean  : Mapping servlet: 'dispatcherServlet' to [/]
2018-03-17 20:35:56.291  INFO 5892 --- [main] j.LocalContainerEntityManagerFactoryBean : Building JPA container EntityManagerFactory for persistence unit 'default'
2018-03-17 20:35:56.329  INFO 5892 --- [main] o.hibernate.jpa.internal.util.LogHelper  : HHH000204: Processing PersistenceUnitInfo [
	name: default
	...]
2018-03-17 20:35:56.750  INFO 5892 --- [main] org.hibernate.Version                    : HHH000412: Hibernate Core {5.0.12.Final}
2018-03-17 20:35:56.752  INFO 5892 --- [main] org.hibernate.cfg.Environment            : HHH000206: hibernate.properties not found
2018-03-17 20:35:56.755  INFO 5892 --- [main] org.hibernate.cfg.Environment            : HHH000021: Bytecode provider name : javassist
2018-03-17 20:35:56.860  INFO 5892 --- [main] o.hibernate.annotations.common.Version   : HCANN000001: Hibernate Commons Annotations {5.0.1.Final}
2018-03-17 20:35:57.200  INFO 5892 --- [main] org.hibernate.dialect.Dialect            : HHH000400: Using dialect: org.hibernate.dialect.MySQL5Dialect
2018-03-17 20:35:58.246  INFO 5892 --- [main] o.h.tool.hbm2ddl.SchemaValidator         : HHH000229: Running schema validator
2018-03-17 20:35:58.815  INFO 5892 --- [main] o.h.h.i.QueryTranslatorFactoryInitiator  : HHH000397: Using ASTQueryTranslatorFactory
2018-03-17 20:35:59.102  INFO 5892 --- [main] j.LocalContainerEntityManagerFactoryBean : Initialized JPA EntityManagerFactory for persistence unit 'default'
2018-03-17 20:36:00.971  INFO 5892 --- [main] s.w.s.m.m.a.RequestMappingHandlerAdapter : Looking for @ControllerAdvice: org.springframework.boot.context.embedded.AnnotationConfigEmbeddedWebApplicationContext@4f2b503c: startup date [Sat Mar 17 20:35:49 BRT 2018]; root of context hierarchy
2018-03-17 20:36:01.151  INFO 5892 --- [main] s.w.s.m.m.a.RequestMappingHandlerMapping : Mapped "{[/cousine/search/{searchText}],methods=[GET]}" onto public br.com.vanhack.domain.Cousine br.com.vanhack.controller.CousineController.find(java.lang.String)
2018-03-17 20:36:01.153  INFO 5892 --- [main] s.w.s.m.m.a.RequestMappingHandlerMapping : Mapped "{[/cousine/{cousineId}/stores],methods=[GET]}" onto public java.util.List<br.com.vanhack.domain.Store> br.com.vanhack.controller.CousineController.findAllProducts(java.lang.Integer)
2018-03-17 20:36:01.153  INFO 5892 --- [main] s.w.s.m.m.a.RequestMappingHandlerMapping : Mapped "{[/cousine],methods=[GET]}" onto public java.util.List<br.com.vanhack.domain.Cousine> br.com.vanhack.controller.CousineController.findAll()
2018-03-17 20:36:01.155  INFO 5892 --- [main] s.w.s.m.m.a.RequestMappingHandlerMapping : Mapped "{[/customer],methods=[POST]}" onto public javax.ws.rs.core.Response br.com.vanhack.controller.CustomerController.insert(br.com.vanhack.controller.dto.UserDTO)
2018-03-17 20:36:01.156  INFO 5892 --- [main] s.w.s.m.m.a.RequestMappingHandlerMapping : Mapped "{[/customer/auth],methods=[POST]}" onto public org.springframework.http.HttpStatus br.com.vanhack.controller.CustomerController.auth(br.com.vanhack.controller.dto.UserLoginDTO) throws javassist.NotFoundException
2018-03-17 20:36:01.158  INFO 5892 --- [main] s.w.s.m.m.a.RequestMappingHandlerMapping : Mapped "{[/order],methods=[POST]}" onto public javax.ws.rs.core.Response br.com.vanhack.controller.OrderController.insert(br.com.vanhack.controller.dto.OrderDTO) throws javassist.NotFoundException
2018-03-17 20:36:01.158  INFO 5892 --- [main] s.w.s.m.m.a.RequestMappingHandlerMapping : Mapped "{[/order/{orderId}],methods=[GET]}" onto public javax.ws.rs.core.Response br.com.vanhack.controller.OrderController.retrieve(java.lang.Integer) throws javassist.NotFoundException
2018-03-17 20:36:01.159  INFO 5892 --- [main] s.w.s.m.m.a.RequestMappingHandlerMapping : Mapped "{[/order],methods=[GET]}" onto public java.util.List<br.com.vanhack.controller.dto.CustomerDTO> br.com.vanhack.controller.OrderController.findAllCustomers()
2018-03-17 20:36:01.160  INFO 5892 --- [main] s.w.s.m.m.a.RequestMappingHandlerMapping : Mapped "{[/product/{productId}],methods=[GET]}" onto public br.com.vanhack.domain.Product br.com.vanhack.controller.ProductController.find(java.lang.Integer)
2018-03-17 20:36:01.161  INFO 5892 --- [main] s.w.s.m.m.a.RequestMappingHandlerMapping : Mapped "{[/product/search/{seachText}],methods=[GET]}" onto public br.com.vanhack.domain.Product br.com.vanhack.controller.ProductController.find(java.lang.String)
2018-03-17 20:36:01.161  INFO 5892 --- [main] s.w.s.m.m.a.RequestMappingHandlerMapping : Mapped "{[/product],methods=[GET]}" onto public java.util.List<br.com.vanhack.domain.Product> br.com.vanhack.controller.ProductController.findAll()
2018-03-17 20:36:01.163  INFO 5892 --- [main] s.w.s.m.m.a.RequestMappingHandlerMapping : Mapped "{[/store/{storeId}],methods=[GET]}" onto public br.com.vanhack.domain.Store br.com.vanhack.controller.StoreController.find(java.lang.Integer)
2018-03-17 20:36:01.164  INFO 5892 --- [main] s.w.s.m.m.a.RequestMappingHandlerMapping : Mapped "{[/store/search/{seachText}],methods=[GET]}" onto public br.com.vanhack.domain.Store br.com.vanhack.controller.StoreController.find(java.lang.String)
2018-03-17 20:36:01.164  INFO 5892 --- [main] s.w.s.m.m.a.RequestMappingHandlerMapping : Mapped "{[/store/{storeId}/products],methods=[GET]}" onto public java.util.List<br.com.vanhack.domain.Product> br.com.vanhack.controller.StoreController.findAllProducts(java.lang.Integer)
2018-03-17 20:36:01.165  INFO 5892 --- [main] s.w.s.m.m.a.RequestMappingHandlerMapping : Mapped "{[/store],methods=[GET]}" onto public java.util.List<br.com.vanhack.domain.Store> br.com.vanhack.controller.StoreController.findAll()
2018-03-17 20:36:01.174  INFO 5892 --- [main] s.w.s.m.m.a.RequestMappingHandlerMapping : Mapped "{[/error]}" onto public org.springframework.http.ResponseEntity<java.util.Map<java.lang.String, java.lang.Object>> org.springframework.boot.autoconfigure.web.BasicErrorController.error(javax.servlet.http.HttpServletRequest)
2018-03-17 20:36:01.175  INFO 5892 --- [main] s.w.s.m.m.a.RequestMappingHandlerMapping : Mapped "{[/error],produces=[text/html]}" onto public org.springframework.web.servlet.ModelAndView org.springframework.boot.autoconfigure.web.BasicErrorController.errorHtml(javax.servlet.http.HttpServletRequest,javax.servlet.http.HttpServletResponse)
2018-03-17 20:36:01.260  INFO 5892 --- [main] o.s.w.s.handler.SimpleUrlHandlerMapping  : Mapped URL path [/webjars/**] onto handler of type [class org.springframework.web.servlet.resource.ResourceHttpRequestHandler]
2018-03-17 20:36:01.261  INFO 5892 --- [main] o.s.w.s.handler.SimpleUrlHandlerMapping  : Mapped URL path [/**] onto handler of type [class org.springframework.web.servlet.resource.ResourceHttpRequestHandler]
2018-03-17 20:36:01.445  INFO 5892 --- [main] o.s.w.s.handler.SimpleUrlHandlerMapping  : Mapped URL path [/**/favicon.ico] onto handler of type [class org.springframework.web.servlet.resource.ResourceHttpRequestHandler]
2018-03-17 20:36:01.960  INFO 5892 --- [main] o.s.s.web.DefaultSecurityFilterChain     : Creating filter chain: OrRequestMatcher [requestMatchers=[Ant [pattern='/css/**'], Ant [pattern='/js/**'], Ant [pattern='/images/**'], Ant [pattern='/webjars/**'], Ant [pattern='/**/favicon.ico'], Ant [pattern='/error']]], []
2018-03-17 20:36:02.198  INFO 5892 --- [main] o.s.s.web.DefaultSecurityFilterChain     : Creating filter chain: Ant [pattern='/manager/**'], [org.springframework.security.web.context.request.async.WebAsyncManagerIntegrationFilter@69abeb14, org.springframework.security.web.context.SecurityContextPersistenceFilter@73c09a98, org.springframework.security.web.header.HeaderWriterFilter@3d3b852e, org.springframework.security.web.authentication.logout.LogoutFilter@581d5b33, org.springframework.security.web.authentication.www.BasicAuthenticationFilter@1b6683c4, org.springframework.security.web.savedrequest.RequestCacheAwareFilter@27d6467, org.springframework.security.web.servletapi.SecurityContextHolderAwareRequestFilter@49c4118b, org.springframework.security.web.authentication.AnonymousAuthenticationFilter@7db2b614, org.springframework.security.web.session.SessionManagementFilter@8dcacf1, org.springframework.security.web.access.ExceptionTranslationFilter@4fbbd98c, org.springframework.security.web.access.intercept.FilterSecurityInterceptor@19f99aaf]
2018-03-17 20:36:02.213  INFO 5892 --- [main] o.s.s.web.DefaultSecurityFilterChain     : Creating filter chain: OrRequestMatcher [requestMatchers=[Ant [pattern='/**']]], [org.springframework.security.web.context.request.async.WebAsyncManagerIntegrationFilter@7d07e04e, org.springframework.security.web.context.SecurityContextPersistenceFilter@5a07ae2f, org.springframework.security.web.header.HeaderWriterFilter@5b430541, org.springframework.security.web.authentication.logout.LogoutFilter@6d0bcf8c, org.springframework.security.web.authentication.www.BasicAuthenticationFilter@a1a72d4, org.springframework.security.web.savedrequest.RequestCacheAwareFilter@78829412, org.springframework.security.web.servletapi.SecurityContextHolderAwareRequestFilter@3ba8ef4e, org.springframework.security.web.authentication.AnonymousAuthenticationFilter@599310ab, org.springframework.security.web.session.SessionManagementFilter@65a66a75, org.springframework.security.web.access.ExceptionTranslationFilter@544e6b, org.springframework.security.web.access.intercept.FilterSecurityInterceptor@74919649]
2018-03-17 20:36:03.016  INFO 5892 --- [main] o.s.b.a.e.mvc.EndpointHandlerMapping     : Mapped "{[/manager/beans || /manager/beans.json],methods=[GET],produces=[application/vnd.spring-boot.actuator.v1+json || application/json]}" onto public java.lang.Object org.springframework.boot.actuate.endpoint.mvc.EndpointMvcAdapter.invoke()
2018-03-17 20:36:03.017  INFO 5892 --- [main] o.s.b.a.e.mvc.EndpointHandlerMapping     : Mapped "{[/manager/dump || /manager/dump.json],methods=[GET],produces=[application/vnd.spring-boot.actuator.v1+json || application/json]}" onto public java.lang.Object org.springframework.boot.actuate.endpoint.mvc.EndpointMvcAdapter.invoke()
2018-03-17 20:36:03.018  INFO 5892 --- [main] o.s.b.a.e.mvc.EndpointHandlerMapping     : Mapped "{[/manager/info || /manager/info.json],methods=[GET],produces=[application/vnd.spring-boot.actuator.v1+json || application/json]}" onto public java.lang.Object org.springframework.boot.actuate.endpoint.mvc.EndpointMvcAdapter.invoke()
2018-03-17 20:36:03.019  INFO 5892 --- [main] o.s.b.a.e.mvc.EndpointHandlerMapping     : Mapped "{[/manager/metrics/{name:.*}],methods=[GET],produces=[application/vnd.spring-boot.actuator.v1+json || application/json]}" onto public java.lang.Object org.springframework.boot.actuate.endpoint.mvc.MetricsMvcEndpoint.value(java.lang.String)
2018-03-17 20:36:03.019  INFO 5892 --- [main] o.s.b.a.e.mvc.EndpointHandlerMapping     : Mapped "{[/manager/metrics || /manager/metrics.json],methods=[GET],produces=[application/vnd.spring-boot.actuator.v1+json || application/json]}" onto public java.lang.Object org.springframework.boot.actuate.endpoint.mvc.EndpointMvcAdapter.invoke()
2018-03-17 20:36:03.023  INFO 5892 --- [main] o.s.b.a.e.mvc.EndpointHandlerMapping     : Mapped "{[/manager/loggers/{name:.*}],methods=[GET],produces=[application/vnd.spring-boot.actuator.v1+json || application/json]}" onto public java.lang.Object org.springframework.boot.actuate.endpoint.mvc.LoggersMvcEndpoint.get(java.lang.String)
2018-03-17 20:36:03.024  INFO 5892 --- [main] o.s.b.a.e.mvc.EndpointHandlerMapping     : Mapped "{[/manager/loggers/{name:.*}],methods=[POST],consumes=[application/vnd.spring-boot.actuator.v1+json || application/json],produces=[application/vnd.spring-boot.actuator.v1+json || application/json]}" onto public java.lang.Object org.springframework.boot.actuate.endpoint.mvc.LoggersMvcEndpoint.set(java.lang.String,java.util.Map<java.lang.String, java.lang.String>)
2018-03-17 20:36:03.024  INFO 5892 --- [main] o.s.b.a.e.mvc.EndpointHandlerMapping     : Mapped "{[/manager/loggers || /manager/loggers.json],methods=[GET],produces=[application/vnd.spring-boot.actuator.v1+json || application/json]}" onto public java.lang.Object org.springframework.boot.actuate.endpoint.mvc.EndpointMvcAdapter.invoke()
2018-03-17 20:36:03.026  INFO 5892 --- [main] o.s.b.a.e.mvc.EndpointHandlerMapping     : Mapped "{[/manager/logfile || /manager/logfile.json],methods=[GET || HEAD]}" onto public void org.springframework.boot.actuate.endpoint.mvc.LogFileMvcEndpoint.invoke(javax.servlet.http.HttpServletRequest,javax.servlet.http.HttpServletResponse) throws javax.servlet.ServletException,java.io.IOException
2018-03-17 20:36:03.028  INFO 5892 --- [main] o.s.b.a.e.mvc.EndpointHandlerMapping     : Mapped "{[/manager/configprops || /manager/configprops.json],methods=[GET],produces=[application/vnd.spring-boot.actuator.v1+json || application/json]}" onto public java.lang.Object org.springframework.boot.actuate.endpoint.mvc.EndpointMvcAdapter.invoke()
2018-03-17 20:36:03.032  INFO 5892 --- [main] o.s.b.a.e.mvc.EndpointHandlerMapping     : Mapped "{[/manager/auditevents || /manager/auditevents.json],methods=[GET],produces=[application/vnd.spring-boot.actuator.v1+json || application/json]}" onto public org.springframework.http.ResponseEntity<?> org.springframework.boot.actuate.endpoint.mvc.AuditEventsMvcEndpoint.findByPrincipalAndAfterAndType(java.lang.String,java.util.Date,java.lang.String)
2018-03-17 20:36:03.033  INFO 5892 --- [main] o.s.b.a.e.mvc.EndpointHandlerMapping     : Mapped "{[/manager/autoconfig || /manager/autoconfig.json],methods=[GET],produces=[application/vnd.spring-boot.actuator.v1+json || application/json]}" onto public java.lang.Object org.springframework.boot.actuate.endpoint.mvc.EndpointMvcAdapter.invoke()
2018-03-17 20:36:03.036  INFO 5892 --- [main] o.s.b.a.e.mvc.EndpointHandlerMapping     : Mapped "{[/manager/heapdump || /manager/heapdump.json],methods=[GET],produces=[application/octet-stream]}" onto public void org.springframework.boot.actuate.endpoint.mvc.HeapdumpMvcEndpoint.invoke(boolean,javax.servlet.http.HttpServletRequest,javax.servlet.http.HttpServletResponse) throws java.io.IOException,javax.servlet.ServletException
2018-03-17 20:36:03.038  INFO 5892 --- [main] o.s.b.a.e.mvc.EndpointHandlerMapping     : Mapped "{[/manager/mappings || /manager/mappings.json],methods=[GET],produces=[application/vnd.spring-boot.actuator.v1+json || application/json]}" onto public java.lang.Object org.springframework.boot.actuate.endpoint.mvc.EndpointMvcAdapter.invoke()
2018-03-17 20:36:03.039  INFO 5892 --- [main] o.s.b.a.e.mvc.EndpointHandlerMapping     : Mapped "{[/manager/trace || /manager/trace.json],methods=[GET],produces=[application/vnd.spring-boot.actuator.v1+json || application/json]}" onto public java.lang.Object org.springframework.boot.actuate.endpoint.mvc.EndpointMvcAdapter.invoke()
2018-03-17 20:36:03.042  INFO 5892 --- [main] o.s.b.a.e.mvc.EndpointHandlerMapping     : Mapped "{[/manager/health || /manager/health.json],methods=[GET],produces=[application/vnd.spring-boot.actuator.v1+json || application/json]}" onto public java.lang.Object org.springframework.boot.actuate.endpoint.mvc.HealthMvcEndpoint.invoke(javax.servlet.http.HttpServletRequest,java.security.Principal)
2018-03-17 20:36:03.043  INFO 5892 --- [main] o.s.b.a.e.mvc.EndpointHandlerMapping     : Mapped "{[/manager/env/{name:.*}],methods=[GET],produces=[application/vnd.spring-boot.actuator.v1+json || application/json]}" onto public java.lang.Object org.springframework.boot.actuate.endpoint.mvc.EnvironmentMvcEndpoint.value(java.lang.String)
2018-03-17 20:36:03.044  INFO 5892 --- [main] o.s.b.a.e.mvc.EndpointHandlerMapping     : Mapped "{[/manager/env || /manager/env.json],methods=[GET],produces=[application/vnd.spring-boot.actuator.v1+json || application/json]}" onto public java.lang.Object org.springframework.boot.actuate.endpoint.mvc.EndpointMvcAdapter.invoke()
2018-03-17 20:36:03.572  INFO 5892 --- [main] o.s.j.e.a.AnnotationMBeanExporter        : Registering beans for JMX exposure on startup
2018-03-17 20:36:03.590  INFO 5892 --- [main] o.s.c.support.DefaultLifecycleProcessor  : Starting beans in phase 0
2018-03-17 20:36:03.802  INFO 5892 --- [main] s.b.c.e.t.TomcatEmbeddedServletContainer : Tomcat started on port(s): 8080 (http)
2018-03-17 20:36:03.811  INFO 5892 --- [main] br.com.vanhack.Application               : Started Application in 15.104 seconds (JVM running for 16.0)
